This file contains any messages produced by compilers while
running configure, to aid debugging if configure makes a mistake.

It was created by libaiff configure 5.0, which was
generated by GNU Autoconf 2.61.  Invocation command line was

  $ ./configure --prefix=/SDK/local/newlib --host=ppc-amigaos

## --------- ##
## Platform. ##
## --------- ##

hostname = fredriks-pc
uname -m = i686
uname -r = 1.7.9(0.237/5/3)
uname -s = CYGWIN_NT-5.1
uname -v = 2011-03-29 10:10

/usr/bin/uname -p = unknown
/bin/uname -X     = unknown

/bin/arch              = i686
/usr/bin/arch -k       = unknown
/usr/convex/getsysinfo = unknown
/usr/bin/hostinfo      = unknown
/bin/machine           = unknown
/usr/bin/oslevel       = unknown
/bin/universe          = unknown

PATH: /usr/local/vbcc/bin
PATH: /usr/local/amiga/bin
PATH: /usr/local/bin
PATH: /usr/bin
PATH: /cygdrive/c/Program Files/NVIDIA Corporation/PhysX/Common
PATH: /cygdrive/c/program files/imagemagick-6.3.2-q16
PATH: /cygdrive/c/Program Files/MiKTeX 2.5/miktex/bin
PATH: /cygdrive/c/WINDOWS/system32
PATH: /cygdrive/c/WINDOWS
PATH: /cygdrive/c/WINDOWS/System32/Wbem
PATH: /cygdrive/c/Program Files/WinSCP3


## ----------- ##
## Core tests. ##
## ----------- ##

configure:1699: checking for ppc-amigaos-gcc
configure:1715: found /usr/local/amiga/bin/ppc-amigaos-gcc
configure:1726: result: ppc-amigaos-gcc
configure:2004: checking for C compiler version
configure:2011: ppc-amigaos-gcc --version >&5
ppc-amigaos-gcc (GCC) 4.2.4 (adtools build 20090118)
Copyright (C) 2007 Free Software Foundation, Inc.
This is free software; see the source for copying conditions.  There is NO
warranty; not even for MERCHANTABILITY or FITNESS FOR A PARTICULAR PURPOSE.

configure:2014: $? = 0
configure:2021: ppc-amigaos-gcc -v >&5
Using built-in specs.
Target: ppc-amigaos
Configured with: ../gcc/configure --prefix=/usr/local/amiga --target=ppc-amigaos --enable-languages=c,c++ --enable-haifa --enable-sjlj-exceptions --disable-libstdcxx-pch
Thread model: single
gcc version 4.2.4 (adtools build 20090118)
configure:2024: $? = 0
configure:2031: ppc-amigaos-gcc -V >&5
ppc-amigaos-gcc: '-V' option must have argument
configure:2034: $? = 1
configure:2057: checking for C compiler default output file name
configure:2084: ppc-amigaos-gcc    conftest.c  >&5
configure:2087: $? = 0
configure:2125: result: a.out
configure:2142: checking whether the C compiler works
configure:2152: ./a.out
./configure: line 2153: ./a.out: cannot execute binary file
configure:2155: $? = 126
configure:2172: result: yes
configure:2179: checking whether we are cross compiling
configure:2181: result: yes
configure:2184: checking for suffix of executables
configure:2191: ppc-amigaos-gcc -o conftest    conftest.c  >&5
configure:2194: $? = 0
configure:2218: result: 
configure:2224: checking for suffix of object files
configure:2250: ppc-amigaos-gcc -c   conftest.c >&5
configure:2253: $? = 0
configure:2276: result: o
configure:2280: checking whether we are using the GNU C compiler
configure:2309: ppc-amigaos-gcc -c   conftest.c >&5
configure:2315: $? = 0
configure:2332: result: yes
configure:2337: checking whether ppc-amigaos-gcc accepts -g
configure:2367: ppc-amigaos-gcc -c -g  conftest.c >&5
configure:2373: $? = 0
configure:2472: result: yes
configure:2489: checking for ppc-amigaos-gcc option to accept ISO C89
configure:2563: ppc-amigaos-gcc  -c -g -O2  conftest.c >&5
configure:2569: $? = 0
configure:2592: result: none needed
configure:2613: checking for ppc-amigaos-ranlib
configure:2629: found /usr/local/amiga/bin/ppc-amigaos-ranlib
configure:2640: result: ppc-amigaos-ranlib
configure:2720: checking how to run the C preprocessor
configure:2760: ppc-amigaos-gcc -E  conftest.c
configure:2766: $? = 0
configure:2797: ppc-amigaos-gcc -E  conftest.c
conftest.c:8:28: error: ac_nonexistent.h: No such file or directory
configure:2803: $? = 1
configure: failed program was:
| /* confdefs.h.  */
| #define PACKAGE_NAME "libaiff"
| #define PACKAGE_TARNAME "libaiff"
| #define PACKAGE_VERSION "5.0"
| #define PACKAGE_STRING "libaiff 5.0"
| #define PACKAGE_BUGREPORT "marcotrillo@gmail.com"
| /* end confdefs.h.  */
| #include <ac_nonexistent.h>
configure:2836: result: ppc-amigaos-gcc -E
configure:2865: ppc-amigaos-gcc -E  conftest.c
configure:2871: $? = 0
configure:2902: ppc-amigaos-gcc -E  conftest.c
conftest.c:8:28: error: ac_nonexistent.h: No such file or directory
configure:2908: $? = 1
configure: failed program was:
| /* confdefs.h.  */
| #define PACKAGE_NAME "libaiff"
| #define PACKAGE_TARNAME "libaiff"
| #define PACKAGE_VERSION "5.0"
| #define PACKAGE_STRING "libaiff 5.0"
| #define PACKAGE_BUGREPORT "marcotrillo@gmail.com"
| /* end confdefs.h.  */
| #include <ac_nonexistent.h>
configure:2946: checking for grep that handles long lines and -e
configure:3020: result: /usr/bin/grep
configure:3025: checking for egrep
configure:3103: result: /usr/bin/grep -E
configure:3108: checking for ANSI C header files
configure:3138: ppc-amigaos-gcc -c -g -O2  conftest.c >&5
configure:3144: $? = 0
configure:3272: result: yes
configure:3296: checking for sys/types.h
configure:3317: ppc-amigaos-gcc -c -g -O2  conftest.c >&5
configure:3323: $? = 0
configure:3339: result: yes
configure:3296: checking for sys/stat.h
configure:3317: ppc-amigaos-gcc -c -g -O2  conftest.c >&5
configure:3323: $? = 0
configure:3339: result: yes
configure:3296: checking for stdlib.h
configure:3317: ppc-amigaos-gcc -c -g -O2  conftest.c >&5
configure:3323: $? = 0
configure:3339: result: yes
configure:3296: checking for string.h
configure:3317: ppc-amigaos-gcc -c -g -O2  conftest.c >&5
configure:3323: $? = 0
configure:3339: result: yes
configure:3296: checking for memory.h
configure:3317: ppc-amigaos-gcc -c -g -O2  conftest.c >&5
conftest.c:47:20: error: memory.h: No such file or directory
configure:3323: $? = 1
configure: failed program was:
| /* confdefs.h.  */
| #define PACKAGE_NAME "libaiff"
| #define PACKAGE_TARNAME "libaiff"
| #define PACKAGE_VERSION "5.0"
| #define PACKAGE_STRING "libaiff 5.0"
| #define PACKAGE_BUGREPORT "marcotrillo@gmail.com"
| #define STDC_HEADERS 1
| #define HAVE_SYS_TYPES_H 1
| #define HAVE_SYS_STAT_H 1
| #define HAVE_STDLIB_H 1
| #define HAVE_STRING_H 1
| /* end confdefs.h.  */
| #include <stdio.h>
| #ifdef HAVE_SYS_TYPES_H
| # include <sys/types.h>
| #endif
| #ifdef HAVE_SYS_STAT_H
| # include <sys/stat.h>
| #endif
| #ifdef STDC_HEADERS
| # include <stdlib.h>
| # include <stddef.h>
| #else
| # ifdef HAVE_STDLIB_H
| #  include <stdlib.h>
| # endif
| #endif
| #ifdef HAVE_STRING_H
| # if !defined STDC_HEADERS && defined HAVE_MEMORY_H
| #  include <memory.h>
| # endif
| # include <string.h>
| #endif
| #ifdef HAVE_STRINGS_H
| # include <strings.h>
| #endif
| #ifdef HAVE_INTTYPES_H
| # include <inttypes.h>
| #endif
| #ifdef HAVE_STDINT_H
| # include <stdint.h>
| #endif
| #ifdef HAVE_UNISTD_H
| # include <unistd.h>
| #endif
| 
| #include <memory.h>
configure:3339: result: no
configure:3296: checking for strings.h
configure:3317: ppc-amigaos-gcc -c -g -O2  conftest.c >&5
configure:3323: $? = 0
configure:3339: result: yes
configure:3296: checking for inttypes.h
configure:3317: ppc-amigaos-gcc -c -g -O2  conftest.c >&5
configure:3323: $? = 0
configure:3339: result: yes
configure:3296: checking for stdint.h
configure:3317: ppc-amigaos-gcc -c -g -O2  conftest.c >&5
configure:3323: $? = 0
configure:3339: result: yes
configure:3296: checking for unistd.h
configure:3317: ppc-amigaos-gcc -c -g -O2  conftest.c >&5
configure:3323: $? = 0
configure:3339: result: yes
configure:3351: checking whether byte ordering is bigendian
configure:3384: ppc-amigaos-gcc -c -g -O2  conftest.c >&5
configure:3390: $? = 0
configure:3422: ppc-amigaos-gcc -c -g -O2  conftest.c >&5
configure:3428: $? = 0
configure:3568: result: yes
configure:3589: checking for ANSI C header files
configure:3753: result: yes
configure:3770: checking for sys/types.h
configure:3776: result: yes
configure:3770: checking for strings.h
configure:3776: result: yes
configure:3770: checking for string.h
configure:3776: result: yes
configure:3918: checking for memset
configure:3974: ppc-amigaos-gcc -o conftest -g -O2   conftest.c  >&5
conftest.c:45: warning: conflicting types for built-in function 'memset'
configure:3980: $? = 0
configure:3998: result: yes
configure:3918: checking for bzero
configure:3974: ppc-amigaos-gcc -o conftest -g -O2   conftest.c  >&5
conftest.c:46: warning: conflicting types for built-in function 'bzero'
configure:3980: $? = 0
configure:3998: result: yes
configure:3918: checking for abort
configure:3974: ppc-amigaos-gcc -o conftest -g -O2   conftest.c  >&5
conftest.c:47: warning: conflicting types for built-in function 'abort'
configure:3980: $? = 0
configure:3998: result: yes
configure:4009: checking for size_t
configure:4039: ppc-amigaos-gcc -c -g -O2  conftest.c >&5
configure:4045: $? = 0
configure:4060: result: yes
configure:4073: checking for int8_t
configure:4104: ppc-amigaos-gcc -c -g -O2  conftest.c >&5
configure:4110: $? = 0
configure:4139: ppc-amigaos-gcc -c -g -O2  conftest.c >&5
conftest.c: In function 'main':
conftest.c:62: error: size of array 'test_array' is negative
configure:4145: $? = 1
configure: failed program was:
| /* confdefs.h.  */
| #define PACKAGE_NAME "libaiff"
| #define PACKAGE_TARNAME "libaiff"
| #define PACKAGE_VERSION "5.0"
| #define PACKAGE_STRING "libaiff 5.0"
| #define PACKAGE_BUGREPORT "marcotrillo@gmail.com"
| #define STDC_HEADERS 1
| #define HAVE_SYS_TYPES_H 1
| #define HAVE_SYS_STAT_H 1
| #define HAVE_STDLIB_H 1
| #define HAVE_STRING_H 1
| #define HAVE_STRINGS_H 1
| #define HAVE_INTTYPES_H 1
| #define HAVE_STDINT_H 1
| #define HAVE_UNISTD_H 1
| #define WORDS_BIGENDIAN 1
| #define STDC_HEADERS 1
| #define HAVE_SYS_TYPES_H 1
| #define HAVE_STRINGS_H 1
| #define HAVE_STRING_H 1
| #define HAVE_MEMSET 1
| #define HAVE_BZERO 1
| #define HAVE_ABORT 1
| /* end confdefs.h.  */
| #include <stdio.h>
| #ifdef HAVE_SYS_TYPES_H
| # include <sys/types.h>
| #endif
| #ifdef HAVE_SYS_STAT_H
| # include <sys/stat.h>
| #endif
| #ifdef STDC_HEADERS
| # include <stdlib.h>
| # include <stddef.h>
| #else
| # ifdef HAVE_STDLIB_H
| #  include <stdlib.h>
| # endif
| #endif
| #ifdef HAVE_STRING_H
| # if !defined STDC_HEADERS && defined HAVE_MEMORY_H
| #  include <memory.h>
| # endif
| # include <string.h>
| #endif
| #ifdef HAVE_STRINGS_H
| # include <strings.h>
| #endif
| #ifdef HAVE_INTTYPES_H
| # include <inttypes.h>
| #endif
| #ifdef HAVE_STDINT_H
| # include <stdint.h>
| #endif
| #ifdef HAVE_UNISTD_H
| # include <unistd.h>
| #endif
| int
| main ()
| {
| static int test_array [1 - 2 * !((int8_t) ((((int8_t) 1 << (8 - 2)) - 1) * 2 + 1)
| 	         < (int8_t) ((((int8_t) 1 << (8 - 2)) - 1) * 2 + 2))];
| test_array [0] = 0
| 
|   ;
|   return 0;
| }
configure:4174: result: yes
configure:4187: checking for uint8_t
configure:4218: ppc-amigaos-gcc -c -g -O2  conftest.c >&5
configure:4224: $? = 0
configure:4245: result: yes
configure:4263: checking for int16_t
configure:4294: ppc-amigaos-gcc -c -g -O2  conftest.c >&5
configure:4300: $? = 0
configure:4329: ppc-amigaos-gcc -c -g -O2  conftest.c >&5
conftest.c: In function 'main':
conftest.c:62: error: size of array 'test_array' is negative
configure:4335: $? = 1
configure: failed program was:
| /* confdefs.h.  */
| #define PACKAGE_NAME "libaiff"
| #define PACKAGE_TARNAME "libaiff"
| #define PACKAGE_VERSION "5.0"
| #define PACKAGE_STRING "libaiff 5.0"
| #define PACKAGE_BUGREPORT "marcotrillo@gmail.com"
| #define STDC_HEADERS 1
| #define HAVE_SYS_TYPES_H 1
| #define HAVE_SYS_STAT_H 1
| #define HAVE_STDLIB_H 1
| #define HAVE_STRING_H 1
| #define HAVE_STRINGS_H 1
| #define HAVE_INTTYPES_H 1
| #define HAVE_STDINT_H 1
| #define HAVE_UNISTD_H 1
| #define WORDS_BIGENDIAN 1
| #define STDC_HEADERS 1
| #define HAVE_SYS_TYPES_H 1
| #define HAVE_STRINGS_H 1
| #define HAVE_STRING_H 1
| #define HAVE_MEMSET 1
| #define HAVE_BZERO 1
| #define HAVE_ABORT 1
| /* end confdefs.h.  */
| #include <stdio.h>
| #ifdef HAVE_SYS_TYPES_H
| # include <sys/types.h>
| #endif
| #ifdef HAVE_SYS_STAT_H
| # include <sys/stat.h>
| #endif
| #ifdef STDC_HEADERS
| # include <stdlib.h>
| # include <stddef.h>
| #else
| # ifdef HAVE_STDLIB_H
| #  include <stdlib.h>
| # endif
| #endif
| #ifdef HAVE_STRING_H
| # if !defined STDC_HEADERS && defined HAVE_MEMORY_H
| #  include <memory.h>
| # endif
| # include <string.h>
| #endif
| #ifdef HAVE_STRINGS_H
| # include <strings.h>
| #endif
| #ifdef HAVE_INTTYPES_H
| # include <inttypes.h>
| #endif
| #ifdef HAVE_STDINT_H
| # include <stdint.h>
| #endif
| #ifdef HAVE_UNISTD_H
| # include <unistd.h>
| #endif
| int
| main ()
| {
| static int test_array [1 - 2 * !((int16_t) ((((int16_t) 1 << (16 - 2)) - 1) * 2 + 1)
| 	         < (int16_t) ((((int16_t) 1 << (16 - 2)) - 1) * 2 + 2))];
| test_array [0] = 0
| 
|   ;
|   return 0;
| }
configure:4364: result: yes
configure:4377: checking for uint16_t
configure:4408: ppc-amigaos-gcc -c -g -O2  conftest.c >&5
configure:4414: $? = 0
configure:4435: result: yes
configure:4449: checking for int32_t
configure:4480: ppc-amigaos-gcc -c -g -O2  conftest.c >&5
configure:4486: $? = 0
configure:4515: ppc-amigaos-gcc -c -g -O2  conftest.c >&5
conftest.c: In function 'main':
conftest.c:62: warning: integer overflow in expression
conftest.c:62: error: size of array 'test_array' is negative
configure:4521: $? = 1
configure: failed program was:
| /* confdefs.h.  */
| #define PACKAGE_NAME "libaiff"
| #define PACKAGE_TARNAME "libaiff"
| #define PACKAGE_VERSION "5.0"
| #define PACKAGE_STRING "libaiff 5.0"
| #define PACKAGE_BUGREPORT "marcotrillo@gmail.com"
| #define STDC_HEADERS 1
| #define HAVE_SYS_TYPES_H 1
| #define HAVE_SYS_STAT_H 1
| #define HAVE_STDLIB_H 1
| #define HAVE_STRING_H 1
| #define HAVE_STRINGS_H 1
| #define HAVE_INTTYPES_H 1
| #define HAVE_STDINT_H 1
| #define HAVE_UNISTD_H 1
| #define WORDS_BIGENDIAN 1
| #define STDC_HEADERS 1
| #define HAVE_SYS_TYPES_H 1
| #define HAVE_STRINGS_H 1
| #define HAVE_STRING_H 1
| #define HAVE_MEMSET 1
| #define HAVE_BZERO 1
| #define HAVE_ABORT 1
| /* end confdefs.h.  */
| #include <stdio.h>
| #ifdef HAVE_SYS_TYPES_H
| # include <sys/types.h>
| #endif
| #ifdef HAVE_SYS_STAT_H
| # include <sys/stat.h>
| #endif
| #ifdef STDC_HEADERS
| # include <stdlib.h>
| # include <stddef.h>
| #else
| # ifdef HAVE_STDLIB_H
| #  include <stdlib.h>
| # endif
| #endif
| #ifdef HAVE_STRING_H
| # if !defined STDC_HEADERS && defined HAVE_MEMORY_H
| #  include <memory.h>
| # endif
| # include <string.h>
| #endif
| #ifdef HAVE_STRINGS_H
| # include <strings.h>
| #endif
| #ifdef HAVE_INTTYPES_H
| # include <inttypes.h>
| #endif
| #ifdef HAVE_STDINT_H
| # include <stdint.h>
| #endif
| #ifdef HAVE_UNISTD_H
| # include <unistd.h>
| #endif
| int
| main ()
| {
| static int test_array [1 - 2 * !((int32_t) ((((int32_t) 1 << (32 - 2)) - 1) * 2 + 1)
| 	         < (int32_t) ((((int32_t) 1 << (32 - 2)) - 1) * 2 + 2))];
| test_array [0] = 0
| 
|   ;
|   return 0;
| }
configure:4550: result: yes
configure:4563: checking for uint32_t
configure:4594: ppc-amigaos-gcc -c -g -O2  conftest.c >&5
configure:4600: $? = 0
configure:4621: result: yes
configure:4639: checking for int64_t
configure:4670: ppc-amigaos-gcc -c -g -O2  conftest.c >&5
configure:4676: $? = 0
configure:4705: ppc-amigaos-gcc -c -g -O2  conftest.c >&5
conftest.c: In function 'main':
conftest.c:62: warning: integer overflow in expression
conftest.c:62: error: size of array 'test_array' is negative
configure:4711: $? = 1
configure: failed program was:
| /* confdefs.h.  */
| #define PACKAGE_NAME "libaiff"
| #define PACKAGE_TARNAME "libaiff"
| #define PACKAGE_VERSION "5.0"
| #define PACKAGE_STRING "libaiff 5.0"
| #define PACKAGE_BUGREPORT "marcotrillo@gmail.com"
| #define STDC_HEADERS 1
| #define HAVE_SYS_TYPES_H 1
| #define HAVE_SYS_STAT_H 1
| #define HAVE_STDLIB_H 1
| #define HAVE_STRING_H 1
| #define HAVE_STRINGS_H 1
| #define HAVE_INTTYPES_H 1
| #define HAVE_STDINT_H 1
| #define HAVE_UNISTD_H 1
| #define WORDS_BIGENDIAN 1
| #define STDC_HEADERS 1
| #define HAVE_SYS_TYPES_H 1
| #define HAVE_STRINGS_H 1
| #define HAVE_STRING_H 1
| #define HAVE_MEMSET 1
| #define HAVE_BZERO 1
| #define HAVE_ABORT 1
| /* end confdefs.h.  */
| #include <stdio.h>
| #ifdef HAVE_SYS_TYPES_H
| # include <sys/types.h>
| #endif
| #ifdef HAVE_SYS_STAT_H
| # include <sys/stat.h>
| #endif
| #ifdef STDC_HEADERS
| # include <stdlib.h>
| # include <stddef.h>
| #else
| # ifdef HAVE_STDLIB_H
| #  include <stdlib.h>
| # endif
| #endif
| #ifdef HAVE_STRING_H
| # if !defined STDC_HEADERS && defined HAVE_MEMORY_H
| #  include <memory.h>
| # endif
| # include <string.h>
| #endif
| #ifdef HAVE_STRINGS_H
| # include <strings.h>
| #endif
| #ifdef HAVE_INTTYPES_H
| # include <inttypes.h>
| #endif
| #ifdef HAVE_STDINT_H
| # include <stdint.h>
| #endif
| #ifdef HAVE_UNISTD_H
| # include <unistd.h>
| #endif
| int
| main ()
| {
| static int test_array [1 - 2 * !((int64_t) ((((int64_t) 1 << (64 - 2)) - 1) * 2 + 1)
| 	         < (int64_t) ((((int64_t) 1 << (64 - 2)) - 1) * 2 + 2))];
| test_array [0] = 0
| 
|   ;
|   return 0;
| }
configure:4740: result: yes
configure:4753: checking for uint64_t
configure:4784: ppc-amigaos-gcc -c -g -O2  conftest.c >&5
configure:4790: $? = 0
configure:4811: result: yes
configure:4932: creating ./config.status

## ---------------------- ##
## Running config.status. ##
## ---------------------- ##

This file was extended by libaiff config.status 5.0, which was
generated by GNU Autoconf 2.61.  Invocation command line was

  CONFIG_FILES    = 
  CONFIG_HEADERS  = 
  CONFIG_LINKS    = 
  CONFIG_COMMANDS = 
  $ ./config.status 

on fredriks-pc

config.status:592: creating Makefile
config.status:592: creating libaiff/config.h

## ---------------- ##
## Cache variables. ##
## ---------------- ##

ac_cv_c_bigendian=yes
ac_cv_c_compiler_gnu=yes
ac_cv_c_int16_t=yes
ac_cv_c_int32_t=yes
ac_cv_c_int64_t=yes
ac_cv_c_int8_t=yes
ac_cv_c_uint16_t=yes
ac_cv_c_uint32_t=yes
ac_cv_c_uint64_t=yes
ac_cv_c_uint8_t=yes
ac_cv_env_CC_set=
ac_cv_env_CC_value=
ac_cv_env_CFLAGS_set=
ac_cv_env_CFLAGS_value=
ac_cv_env_CPPFLAGS_set=
ac_cv_env_CPPFLAGS_value=
ac_cv_env_CPP_set=
ac_cv_env_CPP_value=
ac_cv_env_LDFLAGS_set=
ac_cv_env_LDFLAGS_value=
ac_cv_env_LIBS_set=
ac_cv_env_LIBS_value=
ac_cv_env_build_alias_set=
ac_cv_env_build_alias_value=
ac_cv_env_host_alias_set=set
ac_cv_env_host_alias_value=ppc-amigaos
ac_cv_env_target_alias_set=
ac_cv_env_target_alias_value=
ac_cv_func_abort=yes
ac_cv_func_bzero=yes
ac_cv_func_memset=yes
ac_cv_header_inttypes_h=yes
ac_cv_header_memory_h=no
ac_cv_header_stdc=yes
ac_cv_header_stdint_h=yes
ac_cv_header_stdlib_h=yes
ac_cv_header_string_h=yes
ac_cv_header_strings_h=yes
ac_cv_header_sys_stat_h=yes
ac_cv_header_sys_types_h=yes
ac_cv_header_unistd_h=yes
ac_cv_objext=o
ac_cv_path_EGREP='/usr/bin/grep -E'
ac_cv_path_GREP=/usr/bin/grep
ac_cv_prog_CC=ppc-amigaos-gcc
ac_cv_prog_CPP='ppc-amigaos-gcc -E'
ac_cv_prog_RANLIB=ppc-amigaos-ranlib
ac_cv_prog_cc_c89=
ac_cv_prog_cc_g=yes
ac_cv_type_size_t=yes

## ----------------- ##
## Output variables. ##
## ----------------- ##

CC='ppc-amigaos-gcc'
CFLAGS='-g -O2'
CPP='ppc-amigaos-gcc -E'
CPPFLAGS=''
DEFS='-DHAVE_CONFIG_H'
ECHO_C=''
ECHO_N='-n'
ECHO_T=''
EGREP='/usr/bin/grep -E'
EXEEXT=''
GREP='/usr/bin/grep'
LDFLAGS=''
LIBOBJS=''
LIBS=''
LTLIBOBJS=''
OBJEXT='o'
PACKAGE_BUGREPORT='marcotrillo@gmail.com'
PACKAGE_NAME='libaiff'
PACKAGE_STRING='libaiff 5.0'
PACKAGE_TARNAME='libaiff'
PACKAGE_VERSION='5.0'
PATH_SEPARATOR=':'
RANLIB='ppc-amigaos-ranlib'
SHELL='/bin/sh'
ac_ct_CC=''
bindir='${exec_prefix}/bin'
build_alias=''
datadir='${datarootdir}'
datarootdir='${prefix}/share'
docdir='${datarootdir}/doc/${PACKAGE_TARNAME}'
dvidir='${docdir}'
exec_prefix='${prefix}'
host_alias='ppc-amigaos'
htmldir='${docdir}'
includedir='${prefix}/include'
infodir='${datarootdir}/info'
libdir='${exec_prefix}/lib'
libexecdir='${exec_prefix}/libexec'
localedir='${datarootdir}/locale'
localstatedir='${prefix}/var'
mandir='${datarootdir}/man'
oldincludedir='/usr/include'
pdfdir='${docdir}'
prefix='/SDK/local/newlib'
program_transform_name='s,x,x,'
psdir='${docdir}'
sbindir='${exec_prefix}/sbin'
sharedstatedir='${prefix}/com'
sysconfdir='${prefix}/etc'
target_alias=''

## ----------- ##
## confdefs.h. ##
## ----------- ##

#define PACKAGE_NAME "libaiff"
#define PACKAGE_TARNAME "libaiff"
#define PACKAGE_VERSION "5.0"
#define PACKAGE_STRING "libaiff 5.0"
#define PACKAGE_BUGREPORT "marcotrillo@gmail.com"
#define STDC_HEADERS 1
#define HAVE_SYS_TYPES_H 1
#define HAVE_SYS_STAT_H 1
#define HAVE_STDLIB_H 1
#define HAVE_STRING_H 1
#define HAVE_STRINGS_H 1
#define HAVE_INTTYPES_H 1
#define HAVE_STDINT_H 1
#define HAVE_UNISTD_H 1
#define WORDS_BIGENDIAN 1
#define STDC_HEADERS 1
#define HAVE_SYS_TYPES_H 1
#define HAVE_STRINGS_H 1
#define HAVE_STRING_H 1
#define HAVE_MEMSET 1
#define HAVE_BZERO 1
#define HAVE_ABORT 1

configure: exit 0
