Build started 4/21/2015 12:32:23 PM.
     1>Project "C:\Users\new win user\Desktop\Document pour projet fin detude\github\Notefy\UnderstandingVST\UnderstandingVST\UnderstandingVST.vcxproj" on node 2 (Build target(s)).
     1>C:\Program Files\MSBuild\Microsoft.Cpp\v4.0\V110\Microsoft.CppBuild.targets(346,5): warning MSB8004: Output Directory does not end with a trailing slash.  This build instance will add the slash as it is required to allow proper evaluation of the Output Directory.
     1>ClCompile:
         C:\Program Files\Microsoft Visual Studio 11.0\VC\bin\CL.exe /c /ZI /nologo /W3 /WX- /Od /Oy- /D WIN32 /D _DEBUG /D _CONSOLE /D _UNICODE /D UNICODE /Gm /EHsc /RTC1 /MDd /GS /fp:precise /Zc:wchar_t /Zc:forScope /Fo"Debug\\" /Fd"Debug\vc110.pdb" /Gd /TC /analyze- /errorReport:prompt main\MrsWatsonMain.c source\MrsWatson.c source\MrsWatsonOptions.c source\app\BuildInfo.c source\app\ProgramOption.c source\audio\AudioSettings.c source\audio\PcmSampleBuffer.c source\audio\SampleBuffer.c source\base\CharString.c source\base\Endian.c source\base\File.c source\base\LinkedList.c source\base\PlatformInfo.c source\io\RiffFile.c source\io\SampleSource.c source\io\SampleSourceAudiofile.c source\io\SampleSourcePcm.c source\io\SampleSourceSilence.c source\io\SampleSourceWave.c source\logging\ErrorReporter.c source\logging\EventLogger.c source\logging\LogPrinter.c source\midi\MidiEvent.c source\midi\MidiSequence.c source\midi\MidiSource.c source\midi\MidiSourceFile.c source\plugin\Plugin.c source\plugin\PluginChain.c source\plugin\PluginGain.c source\plugin\PluginLimiter.c source\plugin\PluginPassthru.c source\plugin\PluginPreset.c source\plugin\PluginPresetFxp.c source\plugin\PluginPresetInternalProgram.c source\plugin\PluginSilence.c source\plugin\PluginVst2xId.c source\time\AudioClock.c source\time\TaskTimer.c
         TaskTimer.c
     1>c:\users\new win user\desktop\document pour projet fin detude\github\notefy\understandingvst\understandingvst\source\time\tasktimer.c(35): fatal error C1083: Cannot open include file: 'time/TaskTimer.h': No such file or directory
         AudioClock.c
     1>c:\users\new win user\desktop\document pour projet fin detude\github\notefy\understandingvst\understandingvst\source\time\audioclock.c(31): fatal error C1083: Cannot open include file: 'time/AudioClock.h': No such file or directory
         PluginVst2xId.c
     1>c:\users\new win user\desktop\document pour projet fin detude\github\notefy\understandingvst\understandingvst\source\plugin\pluginvst2xid.c(32): fatal error C1083: Cannot open include file: 'base/CharString.h': No such file or directory
         PluginSilence.c
     1>c:\users\new win user\desktop\document pour projet fin detude\github\notefy\understandingvst\understandingvst\source\plugin\pluginsilence.c(30): fatal error C1083: Cannot open include file: 'logging/EventLogger.h': No such file or directory
         PluginPresetInternalProgram.c
     1>c:\users\new win user\desktop\document pour projet fin detude\github\notefy\understandingvst\understandingvst\source\plugin\pluginpresetinternalprogram.c(30): fatal error C1083: Cannot open include file: 'base/CharString.h': No such file or directory
         PluginPresetFxp.c
     1>c:\users\new win user\desktop\document pour projet fin detude\github\notefy\understandingvst\understandingvst\source\plugin\pluginpresetfxp.c(32): fatal error C1083: Cannot open include file: 'base/Endian.h': No such file or directory
         PluginPreset.c
     1>c:\users\new win user\desktop\document pour projet fin detude\github\notefy\understandingvst\understandingvst\source\plugin\pluginpreset.c(32): fatal error C1083: Cannot open include file: 'base/File.h': No such file or directory
         PluginPassthru.c
     1>c:\users\new win user\desktop\document pour projet fin detude\github\notefy\understandingvst\understandingvst\source\plugin\pluginpassthru.c(30): fatal error C1083: Cannot open include file: 'logging/EventLogger.h': No such file or directory
         PluginLimiter.c
     1>c:\users\new win user\desktop\document pour projet fin detude\github\notefy\understandingvst\understandingvst\source\plugin\pluginlimiter.c(28): fatal error C1083: Cannot open include file: 'audio/SampleBuffer.h': No such file or directory
         PluginGain.c
     1>c:\users\new win user\desktop\document pour projet fin detude\github\notefy\understandingvst\understandingvst\source\plugin\plugingain.c(28): fatal error C1083: Cannot open include file: 'audio/SampleBuffer.h': No such file or directory
         PluginChain.c
     1>c:\users\new win user\desktop\document pour projet fin detude\github\notefy\understandingvst\understandingvst\source\logging\eventlogger.h(34): fatal error C1083: Cannot open include file: 'base/CharString.h': No such file or directory
         Plugin.c
     1>c:\users\new win user\desktop\document pour projet fin detude\github\notefy\understandingvst\understandingvst\source\audio\audiosettings.h(31): fatal error C1083: Cannot open include file: 'base/Types.h': No such file or directory
         MidiSourceFile.c
     1>c:\users\new win user\desktop\document pour projet fin detude\github\notefy\understandingvst\understandingvst\source\midi\midisourcefile.c(32): fatal error C1083: Cannot open include file: 'audio/AudioSettings.h': No such file or directory
         MidiSource.c
     1>c:\users\new win user\desktop\document pour projet fin detude\github\notefy\understandingvst\understandingvst\source\base\file.h(33): fatal error C1083: Cannot open include file: 'base/CharString.h': No such file or directory
         MidiSequence.c
     1>c:\users\new win user\desktop\document pour projet fin detude\github\notefy\understandingvst\understandingvst\source\midi\midisequence.c(31): fatal error C1083: Cannot open include file: 'logging/EventLogger.h': No such file or directory
         MidiEvent.c
     1>c:\users\new win user\desktop\document pour projet fin detude\github\notefy\understandingvst\understandingvst\source\midi\midievent.c(31): fatal error C1083: Cannot open include file: 'midi/MidiEvent.h': No such file or directory
         LogPrinter.c
     1>c:\users\new win user\desktop\document pour projet fin detude\github\notefy\understandingvst\understandingvst\source\logging\logprinter.c(30): fatal error C1083: Cannot open include file: 'logging/LogPrinter.h': No such file or directory
         EventLogger.c
     1>c:\users\new win user\desktop\document pour projet fin detude\github\notefy\understandingvst\understandingvst\source\app\buildinfo.h(31): fatal error C1083: Cannot open include file: 'base/CharString.h': No such file or directory
         ErrorReporter.c
     1>c:\users\new win user\desktop\document pour projet fin detude\github\notefy\understandingvst\understandingvst\source\logging\errorreporter.c(33): fatal error C1083: Cannot open include file: 'app/BuildInfo.h': No such file or directory
         SampleSourceWave.c
     1>c:\users\new win user\desktop\document pour projet fin detude\github\notefy\understandingvst\understandingvst\source\io\samplesourcewave.c(32): fatal error C1083: Cannot open include file: 'audio/AudioSettings.h': No such file or directory
         Generating Code...
         Compiling...
         SampleSourceSilence.c
     1>c:\users\new win user\desktop\document pour projet fin detude\github\notefy\understandingvst\understandingvst\source\io\samplesourcesilence.c(31): fatal error C1083: Cannot open include file: 'audio/AudioSettings.h': No such file or directory
         SampleSourcePcm.c
     1>c:\users\new win user\desktop\document pour projet fin detude\github\notefy\understandingvst\understandingvst\source\io\samplesourcepcm.c(31): fatal error C1083: Cannot open include file: 'audio/AudioSettings.h': No such file or directory
         SampleSourceAudiofile.c
         SampleSource.c
     1>c:\users\new win user\desktop\document pour projet fin detude\github\notefy\understandingvst\understandingvst\source\io\samplesource.c(32): fatal error C1083: Cannot open include file: 'base/File.h': No such file or directory
         RiffFile.c
     1>c:\users\new win user\desktop\document pour projet fin detude\github\notefy\understandingvst\understandingvst\source\io\rifffile.c(31): fatal error C1083: Cannot open include file: 'base/Endian.h': No such file or directory
         PlatformInfo.c
     1>c:\users\new win user\desktop\document pour projet fin detude\github\notefy\understandingvst\understandingvst\source\base\platforminfo.c(31): fatal error C1083: Cannot open include file: 'base/PlatformInfo.h': No such file or directory
         LinkedList.c
     1>c:\users\new win user\desktop\document pour projet fin detude\github\notefy\understandingvst\understandingvst\source\base\linkedlist.c(31): fatal error C1083: Cannot open include file: 'base/LinkedList.h': No such file or directory
         File.c
     1>c:\users\new win user\desktop\document pour projet fin detude\github\notefy\understandingvst\understandingvst\source\base\file.c(35): fatal error C1083: Cannot open include file: 'base/File.h': No such file or directory
         Endian.c
     1>c:\users\new win user\desktop\document pour projet fin detude\github\notefy\understandingvst\understandingvst\source\base\endian.c(28): fatal error C1083: Cannot open include file: 'base/Endian.h': No such file or directory
         CharString.c
     1>c:\users\new win user\desktop\document pour projet fin detude\github\notefy\understandingvst\understandingvst\source\base\charstring.c(32): fatal error C1083: Cannot open include file: 'logging/EventLogger.h': No such file or directory
         SampleBuffer.c
     1>c:\users\new win user\desktop\document pour projet fin detude\github\notefy\understandingvst\understandingvst\source\audio\samplebuffer.c(33): fatal error C1083: Cannot open include file: 'audio/AudioSettings.h': No such file or directory
         PcmSampleBuffer.c
     1>c:\users\new win user\desktop\document pour projet fin detude\github\notefy\understandingvst\understandingvst\source\audio\pcmsamplebuffer.c(33): fatal error C1083: Cannot open include file: 'audio/PcmSampleBuffer.h': No such file or directory
         AudioSettings.c
     1>c:\users\new win user\desktop\document pour projet fin detude\github\notefy\understandingvst\understandingvst\source\audio\audiosettings.c(33): fatal error C1083: Cannot open include file: 'audio/AudioSettings.h': No such file or directory
         ProgramOption.c
     1>c:\users\new win user\desktop\document pour projet fin detude\github\notefy\understandingvst\understandingvst\source\base\file.h(33): fatal error C1083: Cannot open include file: 'base/CharString.h': No such file or directory
         BuildInfo.c
     1>c:\users\new win user\desktop\document pour projet fin detude\github\notefy\understandingvst\understandingvst\source\app\buildinfo.c(32): fatal error C1083: Cannot open include file: 'app/BuildInfo.h': No such file or directory
         MrsWatsonOptions.c
         MrsWatson.c
     1>c:\users\new win user\desktop\document pour projet fin detude\github\notefy\understandingvst\understandingvst\source\logging\logprinter.h(120): error C2146: syntax error : missing ')' before identifier 'color'
     1>c:\users\new win user\desktop\document pour projet fin detude\github\notefy\understandingvst\understandingvst\source\logging\logprinter.h(120): error C2061: syntax error : identifier 'color'
     1>c:\users\new win user\desktop\document pour projet fin detude\github\notefy\understandingvst\understandingvst\source\logging\logprinter.h(120): error C2059: syntax error : ';'
     1>c:\users\new win user\desktop\document pour projet fin detude\github\notefy\understandingvst\understandingvst\source\logging\logprinter.h(120): error C2059: syntax error : ','
     1>c:\users\new win user\desktop\document pour projet fin detude\github\notefy\understandingvst\understandingvst\source\logging\logprinter.h(120): error C2059: syntax error : ')'
         MrsWatsonMain.c
     1>c:\users\new win user\desktop\document pour projet fin detude\github\notefy\understandingvst\understandingvst\source\logging\eventlogger.h(34): fatal error C1083: Cannot open include file: 'base/CharString.h': No such file or directory
         Generating Code...
     1>Done Building Project "C:\Users\new win user\Desktop\Document pour projet fin detude\github\Notefy\UnderstandingVST\UnderstandingVST\UnderstandingVST.vcxproj" (Build target(s)) -- FAILED.

Build FAILED.

Time Elapsed 00:00:05.82
